<?xml version="1.0" encoding="UTF-8"?>
<testng-results skipped="0" failed="0" ignored="0" total="1" passed="1">
  <reporter-output>
    <line>
      <![CDATA[Setting up reports and Test getting ready]]>
    </line>
    <line>
      <![CDATA[Setting done successfully - Test can be started]]>
    </line>
    <line>
      <![CDATA[Trying to start browser instance for opening application]]>
    </line>
    <line>
      <![CDATA[Browser instance started successfully and opened application]]>
    </line>
    <line>
      <![CDATA[Application Login initiated]]>
    </line>
    <line>
      <![CDATA[Application logged in Successfully]]>
    </line>
  </reporter-output>
  <suite name="Suite" duration-ms="18413" started-at="2020-05-21T03:09:58Z" finished-at="2020-05-21T03:10:16Z">
    <groups>
    </groups>
    <test name="Test" duration-ms="18413" started-at="2020-05-21T03:09:58Z" finished-at="2020-05-21T03:10:16Z">
      <class name="com.auto.cloud.testcases.OracleCloudTestcase">
        <test-method status="PASS" signature="setUpSuite()[pri:0, instance:com.auto.cloud.testcases.OracleCloudTestcase@4883b407]" name="setUpSuite" is-config="true" duration-ms="675" started-at="2020-05-21T03:09:57Z" finished-at="2020-05-21T03:09:58Z">
          <reporter-output>
            <line>
              <![CDATA[Setting up reports and Test getting ready]]>
            </line>
            <line>
              <![CDATA[Setting done successfully - Test can be started]]>
            </line>
          </reporter-output>
        </test-method> <!-- setUpSuite -->
        <test-method status="PASS" signature="setUp()[pri:0, instance:com.auto.cloud.testcases.OracleCloudTestcase@4883b407]" name="setUp" is-config="true" duration-ms="11483" started-at="2020-05-21T03:09:58Z" finished-at="2020-05-21T03:10:09Z">
          <reporter-output>
            <line>
              <![CDATA[Trying to start browser instance for opening application]]>
            </line>
            <line>
              <![CDATA[Browser instance started successfully and opened application]]>
            </line>
          </reporter-output>
        </test-method> <!-- setUp -->
        <test-method status="PASS" signature="loginApplication()[pri:0, instance:com.auto.cloud.testcases.OracleCloudTestcase@4883b407]" name="loginApplication" duration-ms="5356" started-at="2020-05-21T03:10:09Z" finished-at="2020-05-21T03:10:15Z">
          <reporter-output>
            <line>
              <![CDATA[Application Login initiated]]>
            </line>
            <line>
              <![CDATA[Application logged in Successfully]]>
            </line>
          </reporter-output>
        </test-method> <!-- loginApplication -->
        <test-method status="PASS" signature="tearDownMethod(org.testng.ITestResult)[pri:0, instance:com.auto.cloud.testcases.OracleCloudTestcase@4883b407]" name="tearDownMethod" is-config="true" duration-ms="735" started-at="2020-05-21T03:10:15Z" finished-at="2020-05-21T03:10:15Z">
          <params>
            <param index="0">
              <value>
                <![CDATA[[TestResult name=loginApplication status=SUCCESS method=OracleCloudTestcase.loginApplication()[pri:0, instance:com.auto.cloud.testcases.OracleCloudTestcase@4883b407] output=Application Login initiated]]]>
              </value>
            </param>
          </params>
          <reporter-output>
          </reporter-output>
        </test-method> <!-- tearDownMethod -->
        <test-method status="PASS" signature="closeBrowser()[pri:0, instance:com.auto.cloud.testcases.OracleCloudTestcase@4883b407]" name="closeBrowser" is-config="true" duration-ms="809" started-at="2020-05-21T03:10:15Z" finished-at="2020-05-21T03:10:16Z">
          <reporter-output>
          </reporter-output>
        </test-method> <!-- closeBrowser -->
      </class> <!-- com.auto.cloud.testcases.OracleCloudTestcase -->
    </test> <!-- Test -->
  </suite> <!-- Suite -->
</testng-results>
